2022-12-27 17:15:54,454 INFO: Namespace(config_path='config.json', do_predict=False, do_test=False, do_train=True, exp_num='0')
2022-12-27 17:15:54,454 INFO: Epoch:[000/007]
2022-12-27 17:53:14,310 INFO: Train loss:1846.557 | Valid loss:33.293
2022-12-27 17:53:15,386 INFO: -----------------SAVE:0epoch----------------
2022-12-27 17:53:15,386 INFO: Epoch:[001/007]
2022-12-27 18:30:34,483 INFO: Train loss:1327.328 | Valid loss:31.091
2022-12-27 18:30:36,375 INFO: -----------------SAVE:1epoch----------------
2022-12-27 18:30:36,376 INFO: Epoch:[002/007]
2022-12-27 19:07:57,915 INFO: Train loss:1264.867 | Valid loss:33.489
2022-12-27 19:07:59,848 INFO: -----------------SAVE:2epoch----------------
2022-12-27 19:07:59,848 INFO: Epoch:[003/007]
2022-12-27 19:45:21,286 INFO: Train loss:1207.641 | Valid loss:39.281
2022-12-27 19:45:21,286 INFO: Epoch:[004/007]
2022-12-27 20:22:36,438 INFO: Train loss:1165.002 | Valid loss:48.544
2022-12-27 20:22:36,438 INFO: Epoch:[005/007]
2022-12-27 20:59:49,604 INFO: Train loss:1138.359 | Valid loss:57.258
2022-12-27 20:59:49,604 INFO: Best F1 Epoch:2 | f1:0.8996
2022-12-27 20:59:49,604 INFO: Training Done.

2022-12-27 20:59:49,604 INFO: Evaluate on Testset.
2022-12-27 21:01:01,014 INFO: precision : 0.9053
2022-12-27 21:01:01,014 INFO: recall    : 0.8963
2022-12-27 21:01:01,014 INFO: micro_f1  : 0.9008
2022-12-27 21:01:01,014 INFO: macro_f1  : 0.9006
2022-12-27 21:01:01,014 INFO: accuracy  : 0.8914
2022-12-27 21:01:01,014 INFO: l1_micro_f1: 0.9607
2022-12-27 21:01:01,014 INFO: l2_micro_f1: 0.9007
2022-12-27 21:01:01,014 INFO: l1_macro_f1: 0.9552
2022-12-27 21:01:01,014 INFO: l2_macro_f1: 0.9006
2022-12-27 21:01:01,015 INFO: l1_accuracy: 0.9608
2022-12-27 21:01:01,015 INFO: l2_accuracy: 0.8969